# Logfile created on Sun Oct 03 13:36:03 +1100 2010 by logger.rb/22285
D, [2010-10-03T13:38:15.026362 #9629] DEBUG -- :   [1m[36mTicket Load (0.2ms)[0m  [1mSELECT "tickets".* FROM "tickets" WHERE (("tickets"."description" LIKE '%Hello%')) LIMIT 1[0m
D, [2010-10-03T13:38:30.373955 #9648] DEBUG -- :   [1m[36mTicket Load (0.2ms)[0m  [1mSELECT "tickets".* FROM "tickets" WHERE (("tickets"."description" LIKE '%Hello%')) LIMIT 1[0m
D, [2010-10-03T13:47:45.075981 #9890] DEBUG -- :   [1m[36mTicket Load (0.2ms)[0m  [1mSELECT "tickets".* FROM "tickets" WHERE (("tickets"."description" LIKE '%Hello%')) LIMIT 1[0m
D, [2010-10-03T13:50:40.166157 #10048] DEBUG -- :   [1m[36mTicket Load (0.2ms)[0m  [1mSELECT "tickets".* FROM "tickets" WHERE (("tickets"."description" LIKE '%Hello%')) LIMIT 1[0m
D, [2010-10-03T13:51:21.792773 #10073] DEBUG -- :   [1m[36mTicket Load (0.2ms)[0m  [1mSELECT "tickets".* FROM "tickets" WHERE (("tickets"."description" LIKE '%Hello%')) LIMIT 1[0m
D, [2010-10-03T13:51:44.496588 #10097] DEBUG -- :   [1m[36mTicket Load (0.2ms)[0m  [1mSELECT "tickets".* FROM "tickets" WHERE (("tickets"."description" LIKE '%Hello%')) LIMIT 1[0m
D, [2010-10-03T13:51:44.500738 #10097] DEBUG -- :   [1m[35mTicket Load (0.1ms)[0m  SELECT "tickets".* FROM "tickets" WHERE (("tickets"."description" LIKE '%tag:bug%')) LIMIT 1
D, [2010-10-03T13:54:57.827823 #10154] DEBUG -- :   [1m[36mTicket Load (0.2ms)[0m  [1mSELECT "tickets".* FROM "tickets" WHERE (("tickets"."description" LIKE '%Hello%')) LIMIT 1[0m
D, [2010-10-03T13:55:49.980726 #10184] DEBUG -- :   [1m[36mTicket Load (0.9ms)[0m  [1mSELECT "tickets".* FROM "tickets" WHERE (("tickets"."description" LIKE '%Hello%')) LIMIT 1[0m
D, [2010-10-03T13:56:02.832917 #10203] DEBUG -- :   [1m[36mTicket Load (0.2ms)[0m  [1mSELECT "tickets".* FROM "tickets" WHERE (("tickets"."description" LIKE '%Hello%')) LIMIT 1[0m
D, [2010-10-03T13:56:22.551506 #10222] DEBUG -- :   [1m[36mTicket Load (0.2ms)[0m  [1mSELECT "tickets".* FROM "tickets" WHERE (("tickets"."description" LIKE '%Hello%')) LIMIT 1[0m
D, [2010-10-03T13:56:39.036418 #10241] DEBUG -- :   [1m[36mTicket Load (0.2ms)[0m  [1mSELECT "tickets".* FROM "tickets" WHERE (("tickets"."description" LIKE '%Hello%')) LIMIT 1[0m
D, [2010-10-03T13:57:08.263790 #10265] DEBUG -- :   [1m[36mTicket Load (0.2ms)[0m  [1mSELECT "tickets".* FROM "tickets" WHERE (("tickets"."description" LIKE '%Hello%')) LIMIT 1[0m
D, [2010-10-03T13:57:08.267308 #10265] DEBUG -- :   [1m[35mSQL (0.2ms)[0m   SELECT name
 FROM sqlite_master
 WHERE type = 'table' AND NOT name = 'sqlite_sequence'

D, [2010-10-03T13:57:08.267674 #10265] DEBUG -- :   [1m[36mSQL (0.1ms)[0m  [1m SELECT name
 FROM sqlite_master
 WHERE type = 'table' AND NOT name = 'sqlite_sequence'
[0m
D, [2010-10-03T13:57:41.318240 #10294] DEBUG -- :   [1m[36mTicket Load (0.2ms)[0m  [1mSELECT "tickets".* FROM "tickets" WHERE (("tickets"."description" LIKE '%Hello%')) LIMIT 1[0m
D, [2010-10-03T14:01:28.121270 #10333] DEBUG -- :   [1m[36mTicket Load (0.3ms)[0m  [1mSELECT "tickets".* FROM "tickets" WHERE (("tickets"."description" LIKE '%Hello%')) LIMIT 1[0m
D, [2010-10-03T14:01:28.125293 #10333] DEBUG -- :   [1m[35mSQL (0.2ms)[0m   SELECT name
 FROM sqlite_master
 WHERE type = 'table' AND NOT name = 'sqlite_sequence'

D, [2010-10-03T14:01:28.125664 #10333] DEBUG -- :   [1m[36mSQL (0.1ms)[0m  [1m SELECT name
 FROM sqlite_master
 WHERE type = 'table' AND NOT name = 'sqlite_sequence'
[0m
D, [2010-10-03T14:01:44.778300 #10353] DEBUG -- :   [1m[36mTicket Load (0.2ms)[0m  [1mSELECT "tickets".* FROM "tickets" WHERE (("tickets"."description" LIKE '%Hello%')) LIMIT 1[0m
D, [2010-10-03T14:02:03.670179 #10373] DEBUG -- :   [1m[36mTicket Load (0.2ms)[0m  [1mSELECT "tickets".* FROM "tickets" WHERE (("tickets"."description" LIKE '%Hello%')) LIMIT 1[0m
D, [2010-10-03T14:02:37.447167 #10393] DEBUG -- :   [1m[36mTicket Load (0.2ms)[0m  [1mSELECT "tickets".* FROM "tickets" WHERE (("tickets"."description" LIKE '%Hello%')) LIMIT 1[0m
D, [2010-10-03T14:02:58.220810 #10418] DEBUG -- :   [1m[36mTicket Load (0.2ms)[0m  [1mSELECT "tickets".* FROM "tickets" WHERE (("tickets"."description" LIKE '%Hello%')) LIMIT 1[0m
D, [2010-10-03T14:03:33.734817 #10441] DEBUG -- :   [1m[36mTicket Load (0.2ms)[0m  [1mSELECT "tickets".* FROM "tickets" WHERE (("tickets"."description" LIKE '%Hello%')) LIMIT 1[0m
D, [2010-10-03T14:04:18.534796 #10463] DEBUG -- :   [1m[36mTicket Load (0.2ms)[0m  [1mSELECT "tickets".* FROM "tickets" WHERE (("tickets"."description" LIKE '%Hello%')) LIMIT 1[0m
D, [2010-10-03T14:06:14.718183 #10521] DEBUG -- :   [1m[36mTicket Load (0.2ms)[0m  [1mSELECT "tickets".* FROM "tickets" WHERE (("tickets"."description" LIKE '%Hello%')) LIMIT 1[0m
D, [2010-10-03T14:06:14.723461 #10521] DEBUG -- :   [1m[35mSQL (0.2ms)[0m   SELECT name
 FROM sqlite_master
 WHERE type = 'table' AND NOT name = 'sqlite_sequence'

D, [2010-10-03T14:06:44.865381 #10553] DEBUG -- :   [1m[36mTicket Load (0.2ms)[0m  [1mSELECT "tickets".* FROM "tickets" WHERE (("tickets"."description" LIKE '%Hello%')) LIMIT 1[0m
D, [2010-10-03T14:06:44.870723 #10553] DEBUG -- :   [1m[35mSQL (0.2ms)[0m   SELECT name
 FROM sqlite_master
 WHERE type = 'table' AND NOT name = 'sqlite_sequence'

D, [2010-10-03T14:06:57.779312 #10572] DEBUG -- :   [1m[36mTicket Load (0.2ms)[0m  [1mSELECT "tickets".* FROM "tickets" WHERE (("tickets"."description" LIKE '%Hello%')) LIMIT 1[0m
D, [2010-10-03T14:06:57.785081 #10572] DEBUG -- :   [1m[35mTicket Load (0.1ms)[0m  SELECT "tickets".* FROM "tickets" tags
D, [2010-10-03T14:07:55.279170 #10603] DEBUG -- :   [1m[36mTicket Load (0.2ms)[0m  [1mSELECT "tickets".* FROM "tickets" WHERE (("tickets"."description" LIKE '%Hello%')) LIMIT 1[0m
